Analysis & Synthesis report for tutor3
Tue Mar 05 17:47:58 2024
Quartus II Version 9.1 Build 350 03/24/2010 Service Pack 2 SJ Web Edition


---------------------
; Table of Contents ;
---------------------
  1. Legal Notice
  2. Analysis & Synthesis Summary
  3. Analysis & Synthesis Settings
  4. Parallel Compilation
  5. Analysis & Synthesis Source Files Read
  6. Analysis & Synthesis Resource Usage Summary
  7. Analysis & Synthesis Resource Utilization by Entity
  8. State Machine - |tutor3|LCD_Display:inst1|next_command
  9. State Machine - |tutor3|LCD_Display:inst1|state
 10. Logic Cells Representing Combinational Loops
 11. Registers Removed During Synthesis
 12. General Register Statistics
 13. Inverted Register Statistics
 14. Multiplexer Restructuring Statistics (Restructuring Performed)
 15. Source assignments for lpm_counter0:inst2|lpm_counter:lpm_counter_component
 16. Source assignments for lpm_counter0:inst2|lpm_counter:lpm_counter_component|cntr_4ph:auto_generated
 17. Parameter Settings for User Entity Instance: LCD_Display:inst1
 18. Parameter Settings for User Entity Instance: lpm_counter0:inst2|lpm_counter:lpm_counter_component
 19. Analysis & Synthesis Messages



----------------
; Legal Notice ;
----------------
Copyright (C) 1991-2010 Altera Corporation
Your use of Altera Corporation's design tools, logic functions 
and other software and tools, and its AMPP partner logic 
functions, and any output files from any of the foregoing 
(including device programming or simulation files), and any 
associated documentation or information are expressly subject 
to the terms and conditions of the Altera Program License 
Subscription Agreement, Altera MegaCore Function License 
Agreement, or other applicable license agreement, including, 
without limitation, that your use is for the sole purpose of 
programming logic devices manufactured by Altera and sold by 
Altera or its authorized distributors.  Please refer to the 
applicable agreement for further details.



+-----------------------------------------------------------------------------------+
; Analysis & Synthesis Summary                                                      ;
+------------------------------------+----------------------------------------------+
; Analysis & Synthesis Status        ; Successful - Tue Mar 05 17:47:58 2024        ;
; Quartus II Version                 ; 9.1 Build 350 03/24/2010 SP 2 SJ Web Edition ;
; Revision Name                      ; tutor3                                       ;
; Top-level Entity Name              ; tutor3                                       ;
; Family                             ; Cyclone II                                   ;
; Total logic elements               ; 202                                          ;
;     Total combinational functions  ; 187                                          ;
;     Dedicated logic registers      ; 108                                          ;
; Total registers                    ; 108                                          ;
; Total pins                         ; 26                                           ;
; Total virtual pins                 ; 0                                            ;
; Total memory bits                  ; 0                                            ;
; Embedded Multiplier 9-bit elements ; 0                                            ;
; Total PLLs                         ; 0                                            ;
+------------------------------------+----------------------------------------------+


+----------------------------------------------------------------------------------------------------------------------+
; Analysis & Synthesis Settings                                                                                        ;
+----------------------------------------------------------------------------+--------------------+--------------------+
; Option                                                                     ; Setting            ; Default Value      ;
+----------------------------------------------------------------------------+--------------------+--------------------+
; Device                                                                     ; EP2C35F672C6       ;                    ;
; Top-level entity name                                                      ; tutor3             ; tutor3             ;
; Family name                                                                ; Cyclone II         ; Stratix            ;
; Use Generated Physical Constraints File                                    ; Off                ;                    ;
; Use smart compilation                                                      ; Off                ; Off                ;
; Enable parallel Assembler and TimeQuest Timing Analyzer during compilation ; On                 ; On                 ;
; Enable compact report table                                                ; Off                ; Off                ;
; Restructure Multiplexers                                                   ; Auto               ; Auto               ;
; Create Debugging Nodes for IP Cores                                        ; Off                ; Off                ;
; Preserve fewer node names                                                  ; On                 ; On                 ;
; Disable OpenCore Plus hardware evaluation                                  ; Off                ; Off                ;
; Verilog Version                                                            ; Verilog_2001       ; Verilog_2001       ;
; VHDL Version                                                               ; VHDL_1993          ; VHDL_1993          ;
; State Machine Processing                                                   ; Auto               ; Auto               ;
; Safe State Machine                                                         ; Off                ; Off                ;
; Extract Verilog State Machines                                             ; On                 ; On                 ;
; Extract VHDL State Machines                                                ; On                 ; On                 ;
; Ignore Verilog initial constructs                                          ; Off                ; Off                ;
; Iteration limit for constant Verilog loops                                 ; 5000               ; 5000               ;
; Iteration limit for non-constant Verilog loops                             ; 250                ; 250                ;
; Add Pass-Through Logic to Inferred RAMs                                    ; On                 ; On                 ;
; Parallel Synthesis                                                         ; On                 ; On                 ;
; DSP Block Balancing                                                        ; Auto               ; Auto               ;
; Maximum DSP Block Usage                                                    ; -1                 ; -1                 ;
; NOT Gate Push-Back                                                         ; On                 ; On                 ;
; Power-Up Don't Care                                                        ; On                 ; On                 ;
; Remove Redundant Logic Cells                                               ; Off                ; Off                ;
; Remove Duplicate Registers                                                 ; On                 ; On                 ;
; Ignore CARRY Buffers                                                       ; Off                ; Off                ;
; Ignore CASCADE Buffers                                                     ; Off                ; Off                ;
; Ignore GLOBAL Buffers                                                      ; Off                ; Off                ;
; Ignore ROW GLOBAL Buffers                                                  ; Off                ; Off                ;
; Ignore LCELL Buffers                                                       ; Off                ; Off                ;
; Ignore SOFT Buffers                                                        ; On                 ; On                 ;
; Limit AHDL Integers to 32 Bits                                             ; Off                ; Off                ;
; Optimization Technique                                                     ; Balanced           ; Balanced           ;
; Carry Chain Length                                                         ; 70                 ; 70                 ;
; Auto Carry Chains                                                          ; On                 ; On                 ;
; Auto Open-Drain Pins                                                       ; On                 ; On                 ;
; Perform WYSIWYG Primitive Resynthesis                                      ; Off                ; Off                ;
; Auto ROM Replacement                                                       ; On                 ; On                 ;
; Auto RAM Replacement                                                       ; On                 ; On                 ;
; Auto Shift Register Replacement                                            ; Auto               ; Auto               ;
; Auto Clock Enable Replacement                                              ; On                 ; On                 ;
; Strict RAM Replacement                                                     ; Off                ; Off                ;
; Allow Synchronous Control Signals                                          ; On                 ; On                 ;
; Force Use of Synchronous Clear Signals                                     ; Off                ; Off                ;
; Auto RAM to Logic Cell Conversion                                          ; Off                ; Off                ;
; Auto Resource Sharing                                                      ; Off                ; Off                ;
; Allow Any RAM Size For Recognition                                         ; Off                ; Off                ;
; Allow Any ROM Size For Recognition                                         ; Off                ; Off                ;
; Allow Any Shift Register Size For Recognition                              ; Off                ; Off                ;
; Use LogicLock Constraints during Resource Balancing                        ; On                 ; On                 ;
; Maximum Number of M4K/M9K Memory Blocks                                    ; -1                 ; -1                 ;
; Ignore translate_off and synthesis_off directives                          ; Off                ; Off                ;
; Timing-Driven Synthesis                                                    ; Off                ; Off                ;
; Show Parameter Settings Tables in Synthesis Report                         ; On                 ; On                 ;
; Ignore Maximum Fan-Out Assignments                                         ; Off                ; Off                ;
; Synchronization Register Chain Length                                      ; 2                  ; 2                  ;
; PowerPlay Power Optimization                                               ; Normal compilation ; Normal compilation ;
; HDL message level                                                          ; Level2             ; Level2             ;
; Suppress Register Optimization Related Messages                            ; Off                ; Off                ;
; Number of Removed Registers Reported in Synthesis Report                   ; 5000               ; 5000               ;
; Number of Inverted Registers Reported in Synthesis Report                  ; 100                ; 100                ;
; Clock MUX Protection                                                       ; On                 ; On                 ;
; Auto Gated Clock Conversion                                                ; Off                ; Off                ;
; Block Design Naming                                                        ; Auto               ; Auto               ;
; SDC constraint protection                                                  ; Off                ; Off                ;
; Synthesis Effort                                                           ; Auto               ; Auto               ;
; Shift Register Replacement - Allow Asynchronous Clear Signal               ; On                 ; On                 ;
; Analysis & Synthesis Message Level                                         ; Medium             ; Medium             ;
; Disable Register Merging Across Hierarchies                                ; Auto               ; Auto               ;
; Resource Aware Inference For Block RAM                                     ; On                 ; On                 ;
+----------------------------------------------------------------------------+--------------------+--------------------+


Parallel compilation was disabled, but you have multiple processors available. Enable parallel compilation to reduce compilation time.
+-------------------------------------+
; Parallel Compilation                ;
+----------------------------+--------+
; Processors                 ; Number ;
+----------------------------+--------+
; Number detected on machine ; 2      ;
; Maximum allowed            ; 1      ;
+----------------------------+--------+


+-----------------------------------------------------------------------------------------------------------------------------------------------------------+
; Analysis & Synthesis Source Files Read                                                                                                                    ;
+----------------------------------+-----------------+------------------------------------+-----------------------------------------------------------------+
; File Name with User-Entered Path ; Used in Netlist ; File Type                          ; File Name with Absolute Path                                    ;
+----------------------------------+-----------------+------------------------------------+-----------------------------------------------------------------+
; lpm_counter0.vhd                 ; yes             ; User Wizard-Generated File         ; D:/Proyecto_Megafunciones/Practica_Tarea_3/lpm_counter0.vhd     ;
; CLK_DIV.VHD                      ; yes             ; User VHDL File                     ; D:/Proyecto_Megafunciones/Practica_Tarea_3/CLK_DIV.VHD          ;
; DEBOUNCE.VHD                     ; yes             ; User VHDL File                     ; D:/Proyecto_Megafunciones/Practica_Tarea_3/DEBOUNCE.VHD         ;
; LCD_Display.vhd                  ; yes             ; User VHDL File                     ; D:/Proyecto_Megafunciones/Practica_Tarea_3/LCD_Display.vhd      ;
; tutor3.bdf                       ; yes             ; User Block Diagram/Schematic File  ; D:/Proyecto_Megafunciones/Practica_Tarea_3/tutor3.bdf           ;
; lpm_counter.tdf                  ; yes             ; Megafunction                       ; c:/altera/91sp2/quartus/libraries/megafunctions/lpm_counter.tdf ;
; db/cntr_4ph.tdf                  ; yes             ; Auto-Generated Megafunction        ; D:/Proyecto_Megafunciones/Practica_Tarea_3/db/cntr_4ph.tdf      ;
+----------------------------------+-----------------+------------------------------------+-----------------------------------------------------------------+


+---------------------------------------------------------+
; Analysis & Synthesis Resource Usage Summary             ;
+---------------------------------------------+-----------+
; Resource                                    ; Usage     ;
+---------------------------------------------+-----------+
; Estimated Total logic elements              ; 202       ;
;                                             ;           ;
; Total combinational functions               ; 187       ;
; Logic element usage by number of LUT inputs ;           ;
;     -- 4 input functions                    ; 92        ;
;     -- 3 input functions                    ; 23        ;
;     -- <=2 input functions                  ; 72        ;
;                                             ;           ;
; Logic elements by mode                      ;           ;
;     -- normal mode                          ; 151       ;
;     -- arithmetic mode                      ; 36        ;
;                                             ;           ;
; Total registers                             ; 108       ;
;     -- Dedicated logic registers            ; 108       ;
;     -- I/O registers                        ; 0         ;
;                                             ;           ;
; I/O pins                                    ; 26        ;
; Maximum fan-out node                        ; KEY3_ACLR ;
; Maximum fan-out                             ; 56        ;
; Total fan-out                               ; 896       ;
; Average fan-out                             ; 2.79      ;
+---------------------------------------------+-----------+


+-------------------------------------------------------------------------------------------------------------------------------------------------------------------------------------------------------------------------------------------------------------+
; Analysis & Synthesis Resource Utilization by Entity                                                                                                                                                                                                         ;
+-------------------------------------------+-------------------+--------------+-------------+--------------+---------+-----------+------+--------------+--------------------------------------------------------------------------------------+--------------+
; Compilation Hierarchy Node                ; LC Combinationals ; LC Registers ; Memory Bits ; DSP Elements ; DSP 9x9 ; DSP 18x18 ; Pins ; Virtual Pins ; Full Hierarchy Name                                                                  ; Library Name ;
+-------------------------------------------+-------------------+--------------+-------------+--------------+---------+-----------+------+--------------+--------------------------------------------------------------------------------------+--------------+
; |tutor3                                   ; 187 (0)           ; 108 (0)      ; 0           ; 0            ; 0       ; 0         ; 26   ; 0            ; |tutor3                                                                              ; work         ;
;    |LCD_Display:inst1|                    ; 132 (132)         ; 60 (60)      ; 0           ; 0            ; 0       ; 0         ; 0    ; 0            ; |tutor3|LCD_Display:inst1                                                            ; work         ;
;    |clk_div:inst|                         ; 27 (27)           ; 30 (30)      ; 0           ; 0            ; 0       ; 0         ; 0    ; 0            ; |tutor3|clk_div:inst                                                                 ; work         ;
;    |debounce:inst3|                       ; 2 (2)             ; 5 (5)        ; 0           ; 0            ; 0       ; 0         ; 0    ; 0            ; |tutor3|debounce:inst3                                                               ; work         ;
;    |debounce:inst7|                       ; 2 (2)             ; 5 (5)        ; 0           ; 0            ; 0       ; 0         ; 0    ; 0            ; |tutor3|debounce:inst7                                                               ; work         ;
;    |lpm_counter0:inst2|                   ; 24 (0)            ; 8 (0)        ; 0           ; 0            ; 0       ; 0         ; 0    ; 0            ; |tutor3|lpm_counter0:inst2                                                           ; work         ;
;       |lpm_counter:lpm_counter_component| ; 24 (0)            ; 8 (0)        ; 0           ; 0            ; 0       ; 0         ; 0    ; 0            ; |tutor3|lpm_counter0:inst2|lpm_counter:lpm_counter_component                         ; work         ;
;          |cntr_4ph:auto_generated|        ; 24 (24)           ; 8 (8)        ; 0           ; 0            ; 0       ; 0         ; 0    ; 0            ; |tutor3|lpm_counter0:inst2|lpm_counter:lpm_counter_component|cntr_4ph:auto_generated ; work         ;
+-------------------------------------------+-------------------+--------------+-------------+--------------+---------+-----------+------+--------------+--------------------------------------------------------------------------------------+--------------+
Note: For table entries with two numbers listed, the numbers in parentheses indicate the number of resources of the given type used by the specific entity alone. The numbers listed outside of parentheses indicate the total resources of the given type used by the specific entity and all of its sub-entities in the hierarchy.


Encoding Type:  One-Hot
+----------------------------------------------------------------------------------------------------------------------------------------------------------------------------------------------------------------------------------------------------------------------------------------------------------------------------------------------------------+
; State Machine - |tutor3|LCD_Display:inst1|next_command                                                                                                                                                                                                                                                                                                   ;
+----------------------------+----------------------------+--------------------------+---------------------+-------------------+---------------------+-------------------------+--------------------------+--------------------+---------------------------+-----------------------+-------------------------+-----------------------+---------------------+
; Name                       ; next_command.DISPLAY_CLEAR ; next_command.DISPLAY_OFF ; next_command.RESET3 ; next_command.HOLD ; next_command.RESET1 ; next_command.DROP_LCD_E ; next_command.RETURN_HOME ; next_command.LINE2 ; next_command.Print_String ; next_command.MODE_SET ; next_command.DISPLAY_ON ; next_command.FUNC_SET ; next_command.RESET2 ;
+----------------------------+----------------------------+--------------------------+---------------------+-------------------+---------------------+-------------------------+--------------------------+--------------------+---------------------------+-----------------------+-------------------------+-----------------------+---------------------+
; next_command.RESET2        ; 0                          ; 0                        ; 0                   ; 0                 ; 0                   ; 0                       ; 0                        ; 0                  ; 0                         ; 0                     ; 0                       ; 0                     ; 0                   ;
; next_command.FUNC_SET      ; 0                          ; 0                        ; 0                   ; 0                 ; 0                   ; 0                       ; 0                        ; 0                  ; 0                         ; 0                     ; 0                       ; 1                     ; 1                   ;
; next_command.DISPLAY_ON    ; 0                          ; 0                        ; 0                   ; 0                 ; 0                   ; 0                       ; 0                        ; 0                  ; 0                         ; 0                     ; 1                       ; 0                     ; 1                   ;
; next_command.MODE_SET      ; 0                          ; 0                        ; 0                   ; 0                 ; 0                   ; 0                       ; 0                        ; 0                  ; 0                         ; 1                     ; 0                       ; 0                     ; 1                   ;
; next_command.Print_String  ; 0                          ; 0                        ; 0                   ; 0                 ; 0                   ; 0                       ; 0                        ; 0                  ; 1                         ; 0                     ; 0                       ; 0                     ; 1                   ;
; next_command.LINE2         ; 0                          ; 0                        ; 0                   ; 0                 ; 0                   ; 0                       ; 0                        ; 1                  ; 0                         ; 0                     ; 0                       ; 0                     ; 1                   ;
; next_command.RETURN_HOME   ; 0                          ; 0                        ; 0                   ; 0                 ; 0                   ; 0                       ; 1                        ; 0                  ; 0                         ; 0                     ; 0                       ; 0                     ; 1                   ;
; next_command.DROP_LCD_E    ; 0                          ; 0                        ; 0                   ; 0                 ; 0                   ; 1                       ; 0                        ; 0                  ; 0                         ; 0                     ; 0                       ; 0                     ; 1                   ;
; next_command.RESET1        ; 0                          ; 0                        ; 0                   ; 0                 ; 1                   ; 0                       ; 0                        ; 0                  ; 0                         ; 0                     ; 0                       ; 0                     ; 1                   ;
; next_command.HOLD          ; 0                          ; 0                        ; 0                   ; 1                 ; 0                   ; 0                       ; 0                        ; 0                  ; 0                         ; 0                     ; 0                       ; 0                     ; 1                   ;
; next_command.RESET3        ; 0                          ; 0                        ; 1                   ; 0                 ; 0                   ; 0                       ; 0                        ; 0                  ; 0                         ; 0                     ; 0                       ; 0                     ; 1                   ;
; next_command.DISPLAY_OFF   ; 0                          ; 1                        ; 0                   ; 0                 ; 0                   ; 0                       ; 0                        ; 0                  ; 0                         ; 0                     ; 0                       ; 0                     ; 1                   ;
; next_command.DISPLAY_CLEAR ; 1                          ; 0                        ; 0                   ; 0                 ; 0                   ; 0                       ; 0                        ; 0                  ; 0                         ; 0                     ; 0                       ; 0                     ; 1                   ;
+----------------------------+----------------------------+--------------------------+---------------------+-------------------+---------------------+-------------------------+--------------------------+--------------------+---------------------------+-----------------------+-------------------------+-----------------------+---------------------+


Encoding Type:  One-Hot
+--------------------------------------------------------------------------------------------------------------------------------------------------------------------------------------------------------------------------------------------------------+
; State Machine - |tutor3|LCD_Display:inst1|state                                                                                                                                                                                                        ;
+---------------------+---------------------+-------------------+--------------+--------------+------------+------------------+-------------------+-------------+--------------------+----------------+------------------+----------------+--------------+
; Name                ; state.DISPLAY_CLEAR ; state.DISPLAY_OFF ; state.RESET3 ; state.RESET2 ; state.HOLD ; state.DROP_LCD_E ; state.RETURN_HOME ; state.LINE2 ; state.Print_String ; state.MODE_SET ; state.DISPLAY_ON ; state.FUNC_SET ; state.RESET1 ;
+---------------------+---------------------+-------------------+--------------+--------------+------------+------------------+-------------------+-------------+--------------------+----------------+------------------+----------------+--------------+
; state.RESET1        ; 0                   ; 0                 ; 0            ; 0            ; 0          ; 0                ; 0                 ; 0           ; 0                  ; 0              ; 0                ; 0              ; 0            ;
; state.FUNC_SET      ; 0                   ; 0                 ; 0            ; 0            ; 0          ; 0                ; 0                 ; 0           ; 0                  ; 0              ; 0                ; 1              ; 1            ;
; state.DISPLAY_ON    ; 0                   ; 0                 ; 0            ; 0            ; 0          ; 0                ; 0                 ; 0           ; 0                  ; 0              ; 1                ; 0              ; 1            ;
; state.MODE_SET      ; 0                   ; 0                 ; 0            ; 0            ; 0          ; 0                ; 0                 ; 0           ; 0                  ; 1              ; 0                ; 0              ; 1            ;
; state.Print_String  ; 0                   ; 0                 ; 0            ; 0            ; 0          ; 0                ; 0                 ; 0           ; 1                  ; 0              ; 0                ; 0              ; 1            ;
; state.LINE2         ; 0                   ; 0                 ; 0            ; 0            ; 0          ; 0                ; 0                 ; 1           ; 0                  ; 0              ; 0                ; 0              ; 1            ;
; state.RETURN_HOME   ; 0                   ; 0                 ; 0            ; 0            ; 0          ; 0                ; 1                 ; 0           ; 0                  ; 0              ; 0                ; 0              ; 1            ;
; state.DROP_LCD_E    ; 0                   ; 0                 ; 0            ; 0            ; 0          ; 1                ; 0                 ; 0           ; 0                  ; 0              ; 0                ; 0              ; 1            ;
; state.HOLD          ; 0                   ; 0                 ; 0            ; 0            ; 1          ; 0                ; 0                 ; 0           ; 0                  ; 0              ; 0                ; 0              ; 1            ;
; state.RESET2        ; 0                   ; 0                 ; 0            ; 1            ; 0          ; 0                ; 0                 ; 0           ; 0                  ; 0              ; 0                ; 0              ; 1            ;
; state.RESET3        ; 0                   ; 0                 ; 1            ; 0            ; 0          ; 0                ; 0                 ; 0           ; 0                  ; 0              ; 0                ; 0              ; 1            ;
; state.DISPLAY_OFF   ; 0                   ; 1                 ; 0            ; 0            ; 0          ; 0                ; 0                 ; 0           ; 0                  ; 0              ; 0                ; 0              ; 1            ;
; state.DISPLAY_CLEAR ; 1                   ; 0                 ; 0            ; 0            ; 0          ; 0                ; 0                 ; 0           ; 0                  ; 0              ; 0                ; 0              ; 1            ;
+---------------------+---------------------+-------------------+--------------+--------------+------------+------------------+-------------------+-------------+--------------------+----------------+------------------+----------------+--------------+


+----------------------------------------------------------------------------------------------------+
; Logic Cells Representing Combinational Loops                                                       ;
+------------------------------------------------------------------------------------------------+---+
; Logic Cell Name                                                                                ;   ;
+------------------------------------------------------------------------------------------------+---+
; lpm_counter0:inst2|lpm_counter:lpm_counter_component|cntr_4ph:auto_generated|latch_signal[2]~3 ;   ;
; lpm_counter0:inst2|lpm_counter:lpm_counter_component|cntr_4ph:auto_generated|latch_signal[6]~2 ;   ;
; lpm_counter0:inst2|lpm_counter:lpm_counter_component|cntr_4ph:auto_generated|latch_signal[1]~5 ;   ;
; lpm_counter0:inst2|lpm_counter:lpm_counter_component|cntr_4ph:auto_generated|latch_signal[5]~4 ;   ;
; lpm_counter0:inst2|lpm_counter:lpm_counter_component|cntr_4ph:auto_generated|latch_signal[3]~1 ;   ;
; lpm_counter0:inst2|lpm_counter:lpm_counter_component|cntr_4ph:auto_generated|latch_signal[7]~0 ;   ;
; lpm_counter0:inst2|lpm_counter:lpm_counter_component|cntr_4ph:auto_generated|latch_signal[4]~6 ;   ;
; lpm_counter0:inst2|lpm_counter:lpm_counter_component|cntr_4ph:auto_generated|latch_signal[0]~7 ;   ;
; Number of logic cells representing combinational loops                                         ; 8 ;
+------------------------------------------------------------------------------------------------+---+
Note: All cells listed above may not be present at the end of synthesis due to various synthesis optimizations.


+------------------------------------------------------------------------------------+
; Registers Removed During Synthesis                                                 ;
+-------------------------------------------+----------------------------------------+
; Register name                             ; Reason for Removal                     ;
+-------------------------------------------+----------------------------------------+
; LCD_Display:inst1|next_command.DROP_LCD_E ; Stuck at GND due to stuck port data_in ;
; LCD_Display:inst1|next_command.HOLD       ; Stuck at GND due to stuck port data_in ;
; LCD_Display:inst1|next_command.RESET1     ; Stuck at GND due to stuck port data_in ;
; Total Number of Removed Registers = 3     ;                                        ;
+-------------------------------------------+----------------------------------------+


+------------------------------------------------------+
; General Register Statistics                          ;
+----------------------------------------------+-------+
; Statistic                                    ; Value ;
+----------------------------------------------+-------+
; Total registers                              ; 108   ;
; Number of registers using Synchronous Clear  ; 28    ;
; Number of registers using Synchronous Load   ; 5     ;
; Number of registers using Asynchronous Clear ; 42    ;
; Number of registers using Asynchronous Load  ; 0     ;
; Number of registers using Clock Enable       ; 8     ;
; Number of registers using Preset             ; 0     ;
+----------------------------------------------+-------+


+--------------------------------------------------+
; Inverted Register Statistics                     ;
+----------------------------------------+---------+
; Inverted Register                      ; Fan out ;
+----------------------------------------+---------+
; LCD_Display:inst1|LCD_RW_INT           ; 9       ;
; LCD_Display:inst1|LCD_E                ; 2       ;
; LCD_Display:inst1|DATA_BUS_VALUE[5]    ; 1       ;
; LCD_Display:inst1|DATA_BUS_VALUE[4]    ; 1       ;
; LCD_Display:inst1|DATA_BUS_VALUE[3]    ; 2       ;
; Total number of inverted registers = 5 ;         ;
+----------------------------------------+---------+


+------------------------------------------------------------------------------------------------------------------------------------------------------------+
; Multiplexer Restructuring Statistics (Restructuring Performed)                                                                                             ;
+--------------------+-----------+---------------+----------------------+------------------------+------------+----------------------------------------------+
; Multiplexer Inputs ; Bus Width ; Baseline Area ; Area if Restructured ; Saving if Restructured ; Registered ; Example Multiplexer Output                   ;
+--------------------+-----------+---------------+----------------------+------------------------+------------+----------------------------------------------+
; 3:1                ; 20 bits   ; 40 LEs        ; 20 LEs               ; 20 LEs                 ; Yes        ; |tutor3|LCD_Display:inst1|CLK_COUNT_400HZ[3] ;
; 5:1                ; 2 bits    ; 6 LEs         ; 6 LEs                ; 0 LEs                  ; Yes        ; |tutor3|LCD_Display:inst1|DATA_BUS_VALUE[5]  ;
; 32:1               ; 4 bits    ; 84 LEs        ; 44 LEs               ; 40 LEs                 ; No         ; |tutor3|LCD_Display:inst1|Mux3               ;
+--------------------+-----------+---------------+----------------------+------------------------+------------+----------------------------------------------+


+-----------------------------------------------------------------------------+
; Source assignments for lpm_counter0:inst2|lpm_counter:lpm_counter_component ;
+---------------------------+-------+------+----------------------------------+
; Assignment                ; Value ; From ; To                               ;
+---------------------------+-------+------+----------------------------------+
; SUPPRESS_DA_RULE_INTERNAL ; a101  ; -    ; -                                ;
; SUPPRESS_DA_RULE_INTERNAL ; s102  ; -    ; -                                ;
; SUPPRESS_DA_RULE_INTERNAL ; s103  ; -    ; -                                ;
+---------------------------+-------+------+----------------------------------+


+-----------------------------------------------------------------------------------------------------+
; Source assignments for lpm_counter0:inst2|lpm_counter:lpm_counter_component|cntr_4ph:auto_generated ;
+---------------------------+-------+------+----------------------------------------------------------+
; Assignment                ; Value ; From ; To                                                       ;
+---------------------------+-------+------+----------------------------------------------------------+
; SUPPRESS_DA_RULE_INTERNAL ; a101  ; -    ; -                                                        ;
; SUPPRESS_DA_RULE_INTERNAL ; s102  ; -    ; -                                                        ;
; SUPPRESS_DA_RULE_INTERNAL ; s103  ; -    ; -                                                        ;
+---------------------------+-------+------+----------------------------------------------------------+


+----------------------------------------------------------------+
; Parameter Settings for User Entity Instance: LCD_Display:inst1 ;
+----------------+-------+---------------------------------------+
; Parameter Name ; Value ; Type                                  ;
+----------------+-------+---------------------------------------+
; num_hex_digits ; 2     ; Untyped                               ;
+----------------+-------+---------------------------------------+
Note: In order to hide this table in the UI and the text report file, please set the "Show Parameter Settings Tables in Synthesis Report" option in "Analysis and Synthesis Settings -> More Settings" to "Off".


+---------------------------------------------------------------------------------------------------+
; Parameter Settings for User Entity Instance: lpm_counter0:inst2|lpm_counter:lpm_counter_component ;
+------------------------+------------+-------------------------------------------------------------+
; Parameter Name         ; Value      ; Type                                                        ;
+------------------------+------------+-------------------------------------------------------------+
; AUTO_CARRY_CHAINS      ; ON         ; AUTO_CARRY                                                  ;
; IGNORE_CARRY_BUFFERS   ; OFF        ; IGNORE_CARRY                                                ;
; AUTO_CASCADE_CHAINS    ; ON         ; AUTO_CASCADE                                                ;
; IGNORE_CASCADE_BUFFERS ; OFF        ; IGNORE_CASCADE                                              ;
; LPM_WIDTH              ; 8          ; Signed Integer                                              ;
; LPM_DIRECTION          ; DEFAULT    ; Untyped                                                     ;
; LPM_MODULUS            ; 0          ; Untyped                                                     ;
; LPM_AVALUE             ; UNUSED     ; Untyped                                                     ;
; LPM_SVALUE             ; UNUSED     ; Untyped                                                     ;
; LPM_PORT_UPDOWN        ; PORT_USED  ; Untyped                                                     ;
; DEVICE_FAMILY          ; Cyclone II ; Untyped                                                     ;
; CARRY_CHAIN            ; MANUAL     ; Untyped                                                     ;
; CARRY_CHAIN_LENGTH     ; 48         ; CARRY_CHAIN_LENGTH                                          ;
; NOT_GATE_PUSH_BACK     ; ON         ; NOT_GATE_PUSH_BACK                                          ;
; CARRY_CNT_EN           ; SMART      ; Untyped                                                     ;
; LABWIDE_SCLR           ; ON         ; Untyped                                                     ;
; USE_NEW_VERSION        ; TRUE       ; Untyped                                                     ;
; CBXI_PARAMETER         ; cntr_4ph   ; Untyped                                                     ;
+------------------------+------------+-------------------------------------------------------------+
Note: In order to hide this table in the UI and the text report file, please set the "Show Parameter Settings Tables in Synthesis Report" option in "Analysis and Synthesis Settings -> More Settings" to "Off".


+-------------------------------+
; Analysis & Synthesis Messages ;
+-------------------------------+
Info: *******************************************************************
Info: Running Quartus II Analysis & Synthesis
    Info: Version 9.1 Build 350 03/24/2010 Service Pack 2 SJ Web Edition
    Info: Processing started: Tue Mar 05 17:47:50 2024
Info: Command: quartus_map --read_settings_files=on --write_settings_files=off tutor3 -c tutor3
Info: Found 2 design units, including 1 entities, in source file lpm_counter0.vhd
    Info: Found design unit 1: lpm_counter0-SYN
    Info: Found entity 1: lpm_counter0
Info: Found 2 design units, including 1 entities, in source file clk_div.vhd
    Info: Found design unit 1: clk_div-a
    Info: Found entity 1: clk_div
Info: Found 2 design units, including 1 entities, in source file debounce.vhd
    Info: Found design unit 1: debounce-a
    Info: Found entity 1: debounce
Info: Found 2 design units, including 1 entities, in source file lcd_display.vhd
    Info: Found design unit 1: LCD_Display-a
    Info: Found entity 1: LCD_Display
Info: Found 1 design units, including 1 entities, in source file tutor3.bdf
    Info: Found entity 1: tutor3
Info: Elaborating entity "tutor3" for the top level hierarchy
Info: Elaborating entity "LCD_Display" for hierarchy "LCD_Display:inst1"
Info: Elaborating entity "lpm_counter0" for hierarchy "lpm_counter0:inst2"
Info: Elaborating entity "lpm_counter" for hierarchy "lpm_counter0:inst2|lpm_counter:lpm_counter_component"
Info: Elaborated megafunction instantiation "lpm_counter0:inst2|lpm_counter:lpm_counter_component"
Info: Instantiated megafunction "lpm_counter0:inst2|lpm_counter:lpm_counter_component" with the following parameter:
    Info: Parameter "lpm_direction" = "UNUSED"
    Info: Parameter "lpm_port_updown" = "PORT_USED"
    Info: Parameter "lpm_type" = "LPM_COUNTER"
    Info: Parameter "lpm_width" = "8"
Warning: Assertion warning: Counter will power up to an undefined state.  An asynchronous signal should be asserted before the counter reaches a known state.
Info: Found 1 design units, including 1 entities, in source file db/cntr_4ph.tdf
    Info: Found entity 1: cntr_4ph
Info: Elaborating entity "cntr_4ph" for hierarchy "lpm_counter0:inst2|lpm_counter:lpm_counter_component|cntr_4ph:auto_generated"
Info: Elaborating entity "debounce" for hierarchy "debounce:inst3"
Info: Elaborating entity "clk_div" for hierarchy "clk_div:inst"
Info: Registers with preset signals will power-up high
Info: DEV_CLRn pin will set, and not reset, register with preset signal due to NOT Gate Push-Back
Warning: Output pins are stuck at VCC or GND
    Warning (13410): Pin "LCD_ON" is stuck at VCC
    Warning (13410): Pin "LCD_BLON" is stuck at VCC
Info: Implemented 229 device resources after synthesis - the final resource count might be different
    Info: Implemented 13 input pins
    Info: Implemented 5 output pins
    Info: Implemented 8 bidirectional pins
    Info: Implemented 203 logic cells
Info: Quartus II Analysis & Synthesis was successful. 0 errors, 4 warnings
    Info: Peak virtual memory: 242 megabytes
    Info: Processing ended: Tue Mar 05 17:47:59 2024
    Info: Elapsed time: 00:00:09
    Info: Total CPU time (on all processors): 00:00:04


