Analysis & Synthesis report for tutor3
Sun Mar 17 22:45:57 2024
Quartus II 64-Bit Version 13.0.1 Build 232 06/12/2013 Service Pack 1 SJ Web Edition


---------------------
; Table of Contents ;
---------------------
  1. Legal Notice
  2. Analysis & Synthesis Summary
  3. Analysis & Synthesis Settings
  4. Analysis & Synthesis Source Files Read
  5. Analysis & Synthesis Resource Usage Summary
  6. Analysis & Synthesis Resource Utilization by Entity
  7. Analysis & Synthesis IP Cores Summary
  8. Logic Cells Representing Combinational Loops
  9. General Register Statistics
 10. Parameter Settings for User Entity Instance: lmp_counter1:inst12|lpm_counter:LPM_COUNTER_component
 11. Parameter Settings for User Entity Instance: lpm_counter0:inst5|lpm_counter:LPM_COUNTER_component
 12. Elapsed Time Per Partition
 13. Analysis & Synthesis Messages



----------------
; Legal Notice ;
----------------
Copyright (C) 1991-2013 Altera Corporation
Your use of Altera Corporation's design tools, logic functions 
and other software and tools, and its AMPP partner logic 
functions, and any output files from any of the foregoing 
(including device programming or simulation files), and any 
associated documentation or information are expressly subject 
to the terms and conditions of the Altera Program License 
Subscription Agreement, Altera MegaCore Function License 
Agreement, or other applicable license agreement, including, 
without limitation, that your use is for the sole purpose of 
programming logic devices manufactured by Altera and sold by 
Altera or its authorized distributors.  Please refer to the 
applicable agreement for further details.



+--------------------------------------------------------------------------------------+
; Analysis & Synthesis Summary                                                         ;
+------------------------------------+-------------------------------------------------+
; Analysis & Synthesis Status        ; Successful - Sun Mar 17 22:45:57 2024           ;
; Quartus II 64-Bit Version          ; 13.0.1 Build 232 06/12/2013 SP 1 SJ Web Edition ;
; Revision Name                      ; tutor3                                          ;
; Top-level Entity Name              ; tutor3                                          ;
; Family                             ; Cyclone II                                      ;
; Total logic elements               ; 114                                             ;
;     Total combinational functions  ; 94                                              ;
;     Dedicated logic registers      ; 65                                              ;
; Total registers                    ; 65                                              ;
; Total pins                         ; 27                                              ;
; Total virtual pins                 ; 0                                               ;
; Total memory bits                  ; 0                                               ;
; Embedded Multiplier 9-bit elements ; 0                                               ;
; Total PLLs                         ; 0                                               ;
+------------------------------------+-------------------------------------------------+


+----------------------------------------------------------------------------------------------------------------------+
; Analysis & Synthesis Settings                                                                                        ;
+----------------------------------------------------------------------------+--------------------+--------------------+
; Option                                                                     ; Setting            ; Default Value      ;
+----------------------------------------------------------------------------+--------------------+--------------------+
; Device                                                                     ; EP2C35F672C6       ;                    ;
; Top-level entity name                                                      ; tutor3             ; tutor3             ;
; Family name                                                                ; Cyclone II         ; Stratix            ;
; Use smart compilation                                                      ; Off                ; Off                ;
; Enable parallel Assembler and TimeQuest Timing Analyzer during compilation ; On                 ; On                 ;
; Enable compact report table                                                ; Off                ; Off                ;
; Restructure Multiplexers                                                   ; Auto               ; Auto               ;
; Create Debugging Nodes for IP Cores                                        ; Off                ; Off                ;
; Preserve fewer node names                                                  ; On                 ; On                 ;
; Disable OpenCore Plus hardware evaluation                                  ; Off                ; Off                ;
; Verilog Version                                                            ; Verilog_2001       ; Verilog_2001       ;
; VHDL Version                                                               ; VHDL_1993          ; VHDL_1993          ;
; State Machine Processing                                                   ; Auto               ; Auto               ;
; Safe State Machine                                                         ; Off                ; Off                ;
; Extract Verilog State Machines                                             ; On                 ; On                 ;
; Extract VHDL State Machines                                                ; On                 ; On                 ;
; Ignore Verilog initial constructs                                          ; Off                ; Off                ;
; Iteration limit for constant Verilog loops                                 ; 5000               ; 5000               ;
; Iteration limit for non-constant Verilog loops                             ; 250                ; 250                ;
; Add Pass-Through Logic to Inferred RAMs                                    ; On                 ; On                 ;
; Infer RAMs from Raw Logic                                                  ; On                 ; On                 ;
; Parallel Synthesis                                                         ; On                 ; On                 ;
; DSP Block Balancing                                                        ; Auto               ; Auto               ;
; Maximum DSP Block Usage                                                    ; -1                 ; -1                 ;
; NOT Gate Push-Back                                                         ; On                 ; On                 ;
; Power-Up Don't Care                                                        ; On                 ; On                 ;
; Remove Redundant Logic Cells                                               ; Off                ; Off                ;
; Remove Duplicate Registers                                                 ; On                 ; On                 ;
; Ignore CARRY Buffers                                                       ; Off                ; Off                ;
; Ignore CASCADE Buffers                                                     ; Off                ; Off                ;
; Ignore GLOBAL Buffers                                                      ; Off                ; Off                ;
; Ignore ROW GLOBAL Buffers                                                  ; Off                ; Off                ;
; Ignore LCELL Buffers                                                       ; Off                ; Off                ;
; Ignore SOFT Buffers                                                        ; On                 ; On                 ;
; Limit AHDL Integers to 32 Bits                                             ; Off                ; Off                ;
; Optimization Technique                                                     ; Balanced           ; Balanced           ;
; Carry Chain Length                                                         ; 70                 ; 70                 ;
; Auto Carry Chains                                                          ; On                 ; On                 ;
; Auto Open-Drain Pins                                                       ; On                 ; On                 ;
; Perform WYSIWYG Primitive Resynthesis                                      ; Off                ; Off                ;
; Auto ROM Replacement                                                       ; On                 ; On                 ;
; Auto RAM Replacement                                                       ; On                 ; On                 ;
; Auto Shift Register Replacement                                            ; Auto               ; Auto               ;
; Allow Shift Register Merging across Hierarchies                            ; Auto               ; Auto               ;
; Auto Clock Enable Replacement                                              ; On                 ; On                 ;
; Strict RAM Replacement                                                     ; Off                ; Off                ;
; Allow Synchronous Control Signals                                          ; On                 ; On                 ;
; Force Use of Synchronous Clear Signals                                     ; Off                ; Off                ;
; Auto RAM to Logic Cell Conversion                                          ; Off                ; Off                ;
; Auto Resource Sharing                                                      ; Off                ; Off                ;
; Allow Any RAM Size For Recognition                                         ; Off                ; Off                ;
; Allow Any ROM Size For Recognition                                         ; Off                ; Off                ;
; Allow Any Shift Register Size For Recognition                              ; Off                ; Off                ;
; Use LogicLock Constraints during Resource Balancing                        ; On                 ; On                 ;
; Maximum Number of M4K/M9K/M20K/M10K Memory Blocks                          ; -1                 ; -1                 ;
; Ignore translate_off and synthesis_off directives                          ; Off                ; Off                ;
; Timing-Driven Synthesis                                                    ; Off                ; Off                ;
; Report Parameter Settings                                                  ; On                 ; On                 ;
; Report Source Assignments                                                  ; On                 ; On                 ;
; Report Connectivity Checks                                                 ; On                 ; On                 ;
; Ignore Maximum Fan-Out Assignments                                         ; Off                ; Off                ;
; Synchronization Register Chain Length                                      ; 2                  ; 2                  ;
; PowerPlay Power Optimization                                               ; Normal compilation ; Normal compilation ;
; HDL message level                                                          ; Level2             ; Level2             ;
; Suppress Register Optimization Related Messages                            ; Off                ; Off                ;
; Number of Removed Registers Reported in Synthesis Report                   ; 5000               ; 5000               ;
; Number of Swept Nodes Reported in Synthesis Report                         ; 5000               ; 5000               ;
; Number of Inverted Registers Reported in Synthesis Report                  ; 100                ; 100                ;
; Clock MUX Protection                                                       ; On                 ; On                 ;
; Auto Gated Clock Conversion                                                ; Off                ; Off                ;
; Block Design Naming                                                        ; Auto               ; Auto               ;
; SDC constraint protection                                                  ; Off                ; Off                ;
; Synthesis Effort                                                           ; Auto               ; Auto               ;
; Shift Register Replacement - Allow Asynchronous Clear Signal               ; On                 ; On                 ;
; Pre-Mapping Resynthesis Optimization                                       ; Off                ; Off                ;
; Analysis & Synthesis Message Level                                         ; Medium             ; Medium             ;
; Disable Register Merging Across Hierarchies                                ; Auto               ; Auto               ;
; Resource Aware Inference For Block RAM                                     ; On                 ; On                 ;
; Synthesis Seed                                                             ; 1                  ; 1                  ;
+----------------------------------------------------------------------------+--------------------+--------------------+


+----------------------------------------------------------------------------------------------------------------------------------------------------------------------------------------------------+
; Analysis & Synthesis Source Files Read                                                                                                                                                             ;
+--------------------------------------------------+-----------------+------------------------------------+--------------------------------------------------------------------------------+---------+
; File Name with User-Entered Path                 ; Used in Netlist ; File Type                          ; File Name with Absolute Path                                                   ; Library ;
+--------------------------------------------------+-----------------+------------------------------------+--------------------------------------------------------------------------------+---------+
; lpm_counter0.vhd                                 ; yes             ; User Wizard-Generated File         ; C:/Users/Ivan/Desktop/Proyecto_Megafunciones/Practica_Tarea_5/lpm_counter0.vhd ;         ;
; CLK_DIV.VHD                                      ; yes             ; User VHDL File                     ; C:/Users/Ivan/Desktop/Proyecto_Megafunciones/Practica_Tarea_5/CLK_DIV.VHD      ;         ;
; DEBOUNCE.VHD                                     ; yes             ; User VHDL File                     ; C:/Users/Ivan/Desktop/Proyecto_Megafunciones/Practica_Tarea_5/DEBOUNCE.VHD     ;         ;
; tutor3.bdf                                       ; yes             ; User Block Diagram/Schematic File  ; C:/Users/Ivan/Desktop/Proyecto_Megafunciones/Practica_Tarea_5/tutor3.bdf       ;         ;
; ../../Proyecto/Practica_Tarea_3/lmp_counter1.vhd ; yes             ; User Wizard-Generated File         ; C:/Users/Ivan/Desktop/Proyecto/Practica_Tarea_3/lmp_counter1.vhd               ;         ;
; dec_7seg.vhd                                     ; yes             ; Auto-Found VHDL File               ; C:/Users/Ivan/Desktop/Proyecto_Megafunciones/Practica_Tarea_5/dec_7seg.vhd     ;         ;
; lpm_counter.tdf                                  ; yes             ; Megafunction                       ; e:/altera/13.0sp1/quartus/libraries/megafunctions/lpm_counter.tdf              ;         ;
; lpm_constant.inc                                 ; yes             ; Megafunction                       ; e:/altera/13.0sp1/quartus/libraries/megafunctions/lpm_constant.inc             ;         ;
; lpm_decode.inc                                   ; yes             ; Megafunction                       ; e:/altera/13.0sp1/quartus/libraries/megafunctions/lpm_decode.inc               ;         ;
; lpm_add_sub.inc                                  ; yes             ; Megafunction                       ; e:/altera/13.0sp1/quartus/libraries/megafunctions/lpm_add_sub.inc              ;         ;
; cmpconst.inc                                     ; yes             ; Megafunction                       ; e:/altera/13.0sp1/quartus/libraries/megafunctions/cmpconst.inc                 ;         ;
; lpm_compare.inc                                  ; yes             ; Megafunction                       ; e:/altera/13.0sp1/quartus/libraries/megafunctions/lpm_compare.inc              ;         ;
; lpm_counter.inc                                  ; yes             ; Megafunction                       ; e:/altera/13.0sp1/quartus/libraries/megafunctions/lpm_counter.inc              ;         ;
; dffeea.inc                                       ; yes             ; Megafunction                       ; e:/altera/13.0sp1/quartus/libraries/megafunctions/dffeea.inc                   ;         ;
; alt_counter_stratix.inc                          ; yes             ; Megafunction                       ; e:/altera/13.0sp1/quartus/libraries/megafunctions/alt_counter_stratix.inc      ;         ;
; aglobal130.inc                                   ; yes             ; Megafunction                       ; e:/altera/13.0sp1/quartus/libraries/megafunctions/aglobal130.inc               ;         ;
; db/cntr_q3i.tdf                                  ; yes             ; Auto-Generated Megafunction        ; C:/Users/Ivan/Desktop/Proyecto_Megafunciones/Practica_Tarea_5/db/cntr_q3i.tdf  ;         ;
; db/cntr_7si.tdf                                  ; yes             ; Auto-Generated Megafunction        ; C:/Users/Ivan/Desktop/Proyecto_Megafunciones/Practica_Tarea_5/db/cntr_7si.tdf  ;         ;
+--------------------------------------------------+-----------------+------------------------------------+--------------------------------------------------------------------------------+---------+


+---------------------------------------------------------------------------+
; Analysis & Synthesis Resource Usage Summary                               ;
+---------------------------------------------+-----------------------------+
; Resource                                    ; Usage                       ;
+---------------------------------------------+-----------------------------+
; Estimated Total logic elements              ; 114                         ;
;                                             ;                             ;
; Total combinational functions               ; 94                          ;
; Logic element usage by number of LUT inputs ;                             ;
;     -- 4 input functions                    ; 51                          ;
;     -- 3 input functions                    ; 17                          ;
;     -- <=2 input functions                  ; 26                          ;
;                                             ;                             ;
; Logic elements by mode                      ;                             ;
;     -- normal mode                          ; 81                          ;
;     -- arithmetic mode                      ; 13                          ;
;                                             ;                             ;
; Total registers                             ; 65                          ;
;     -- Dedicated logic registers            ; 65                          ;
;     -- I/O registers                        ; 0                           ;
;                                             ;                             ;
; I/O pins                                    ; 27                          ;
; Embedded Multiplier 9-bit elements          ; 0                           ;
; Maximum fan-out node                        ; debounce:inst9|pb_debounced ;
; Maximum fan-out                             ; 25                          ;
; Total fan-out                               ; 463                         ;
; Average fan-out                             ; 2.49                        ;
+---------------------------------------------+-----------------------------+


+--------------------------------------------------------------------------------------------------------------------------------------------------------------------------------------------------------------------------------------------------------------+
; Analysis & Synthesis Resource Utilization by Entity                                                                                                                                                                                                          ;
+-------------------------------------------+-------------------+--------------+-------------+--------------+---------+-----------+------+--------------+---------------------------------------------------------------------------------------+--------------+
; Compilation Hierarchy Node                ; LC Combinationals ; LC Registers ; Memory Bits ; DSP Elements ; DSP 9x9 ; DSP 18x18 ; Pins ; Virtual Pins ; Full Hierarchy Name                                                                   ; Library Name ;
+-------------------------------------------+-------------------+--------------+-------------+--------------+---------+-----------+------+--------------+---------------------------------------------------------------------------------------+--------------+
; |tutor3                                   ; 94 (1)            ; 65 (1)       ; 0           ; 0            ; 0       ; 0         ; 27   ; 0            ; |tutor3                                                                               ; work         ;
;    |clk_div:inst2|                        ; 31 (31)           ; 36 (36)      ; 0           ; 0            ; 0       ; 0         ; 0    ; 0            ; |tutor3|clk_div:inst2                                                                 ; work         ;
;    |debounce:inst10|                      ; 2 (2)             ; 5 (5)        ; 0           ; 0            ; 0       ; 0         ; 0    ; 0            ; |tutor3|debounce:inst10                                                               ; work         ;
;    |debounce:inst3|                       ; 2 (2)             ; 5 (5)        ; 0           ; 0            ; 0       ; 0         ; 0    ; 0            ; |tutor3|debounce:inst3                                                                ; work         ;
;    |debounce:inst8|                       ; 2 (2)             ; 5 (5)        ; 0           ; 0            ; 0       ; 0         ; 0    ; 0            ; |tutor3|debounce:inst8                                                                ; work         ;
;    |debounce:inst9|                       ; 2 (2)             ; 5 (5)        ; 0           ; 0            ; 0       ; 0         ; 0    ; 0            ; |tutor3|debounce:inst9                                                                ; work         ;
;    |dec_7seg:inst11|                      ; 7 (7)             ; 0 (0)        ; 0           ; 0            ; 0       ; 0         ; 0    ; 0            ; |tutor3|dec_7seg:inst11                                                               ; work         ;
;    |dec_7seg:inst1|                       ; 7 (7)             ; 0 (0)        ; 0           ; 0            ; 0       ; 0         ; 0    ; 0            ; |tutor3|dec_7seg:inst1                                                                ; work         ;
;    |lmp_counter1:inst12|                  ; 20 (0)            ; 4 (0)        ; 0           ; 0            ; 0       ; 0         ; 0    ; 0            ; |tutor3|lmp_counter1:inst12                                                           ; work         ;
;       |lpm_counter:LPM_COUNTER_component| ; 20 (0)            ; 4 (0)        ; 0           ; 0            ; 0       ; 0         ; 0    ; 0            ; |tutor3|lmp_counter1:inst12|lpm_counter:LPM_COUNTER_component                         ; work         ;
;          |cntr_q3i:auto_generated|        ; 20 (20)           ; 4 (4)        ; 0           ; 0            ; 0       ; 0         ; 0    ; 0            ; |tutor3|lmp_counter1:inst12|lpm_counter:LPM_COUNTER_component|cntr_q3i:auto_generated ; work         ;
;    |lpm_counter0:inst5|                   ; 20 (0)            ; 4 (0)        ; 0           ; 0            ; 0       ; 0         ; 0    ; 0            ; |tutor3|lpm_counter0:inst5                                                            ; work         ;
;       |lpm_counter:LPM_COUNTER_component| ; 20 (0)            ; 4 (0)        ; 0           ; 0            ; 0       ; 0         ; 0    ; 0            ; |tutor3|lpm_counter0:inst5|lpm_counter:LPM_COUNTER_component                          ; work         ;
;          |cntr_7si:auto_generated|        ; 20 (20)           ; 4 (4)        ; 0           ; 0            ; 0       ; 0         ; 0    ; 0            ; |tutor3|lpm_counter0:inst5|lpm_counter:LPM_COUNTER_component|cntr_7si:auto_generated  ; work         ;
+-------------------------------------------+-------------------+--------------+-------------+--------------+---------+-----------+------+--------------+---------------------------------------------------------------------------------------+--------------+
Note: For table entries with two numbers listed, the numbers in parentheses indicate the number of resources of the given type used by the specific entity alone. The numbers listed outside of parentheses indicate the total resources of the given type used by the specific entity and all of its sub-entities in the hierarchy.


+------------------------------------------------------------------------------------------------------------------------------------------------------------------------------+
; Analysis & Synthesis IP Cores Summary                                                                                                                                        ;
+--------+--------------+---------+--------------+--------------+-----------------------------+--------------------------------------------------------------------------------+
; Vendor ; IP Core Name ; Version ; Release Date ; License Type ; Entity Instance             ; IP Include File                                                                ;
+--------+--------------+---------+--------------+--------------+-----------------------------+--------------------------------------------------------------------------------+
; Altera ; LPM_COUNTER  ; N/A     ; N/A          ; N/A          ; |tutor3|lpm_counter0:inst5  ; C:/Users/Ivan/Desktop/Proyecto_Megafunciones/Practica_Tarea_5/lpm_counter0.vhd ;
; Altera ; LPM_COUNTER  ; 13.0    ; N/A          ; N/A          ; |tutor3|lmp_counter1:inst12 ; C:/Users/Ivan/Desktop/Proyecto/Practica_Tarea_3/lmp_counter1.vhd               ;
+--------+--------------+---------+--------------+--------------+-----------------------------+--------------------------------------------------------------------------------+


+-----------------------------------------------------------------------------------------------------+
; Logic Cells Representing Combinational Loops                                                        ;
+-------------------------------------------------------------------------------------------------+---+
; Logic Cell Name                                                                                 ;   ;
+-------------------------------------------------------------------------------------------------+---+
; lmp_counter1:inst12|lpm_counter:LPM_COUNTER_component|cntr_q3i:auto_generated|latch_signal[0]~3 ;   ;
; lmp_counter1:inst12|lpm_counter:LPM_COUNTER_component|cntr_q3i:auto_generated|latch_signal[1]~2 ;   ;
; lmp_counter1:inst12|lpm_counter:LPM_COUNTER_component|cntr_q3i:auto_generated|latch_signal[2]~1 ;   ;
; lmp_counter1:inst12|lpm_counter:LPM_COUNTER_component|cntr_q3i:auto_generated|latch_signal[3]~0 ;   ;
; lpm_counter0:inst5|lpm_counter:LPM_COUNTER_component|cntr_7si:auto_generated|latch_signal[0]~3  ;   ;
; lpm_counter0:inst5|lpm_counter:LPM_COUNTER_component|cntr_7si:auto_generated|latch_signal[1]~2  ;   ;
; lpm_counter0:inst5|lpm_counter:LPM_COUNTER_component|cntr_7si:auto_generated|latch_signal[2]~1  ;   ;
; lpm_counter0:inst5|lpm_counter:LPM_COUNTER_component|cntr_7si:auto_generated|latch_signal[3]~0  ;   ;
; Number of logic cells representing combinational loops                                          ; 8 ;
+-------------------------------------------------------------------------------------------------+---+
Note: All cells listed above may not be present at the end of synthesis due to various synthesis optimizations.


+------------------------------------------------------+
; General Register Statistics                          ;
+----------------------------------------------+-------+
; Statistic                                    ; Value ;
+----------------------------------------------+-------+
; Total registers                              ; 65    ;
; Number of registers using Synchronous Clear  ; 7     ;
; Number of registers using Synchronous Load   ; 0     ;
; Number of registers using Asynchronous Clear ; 8     ;
; Number of registers using Asynchronous Load  ; 0     ;
; Number of registers using Clock Enable       ; 4     ;
; Number of registers using Preset             ; 0     ;
+----------------------------------------------+-------+


+----------------------------------------------------------------------------------------------------+
; Parameter Settings for User Entity Instance: lmp_counter1:inst12|lpm_counter:LPM_COUNTER_component ;
+------------------------+------------+--------------------------------------------------------------+
; Parameter Name         ; Value      ; Type                                                         ;
+------------------------+------------+--------------------------------------------------------------+
; AUTO_CARRY_CHAINS      ; ON         ; AUTO_CARRY                                                   ;
; IGNORE_CARRY_BUFFERS   ; OFF        ; IGNORE_CARRY                                                 ;
; AUTO_CASCADE_CHAINS    ; ON         ; AUTO_CASCADE                                                 ;
; IGNORE_CASCADE_BUFFERS ; OFF        ; IGNORE_CASCADE                                               ;
; LPM_WIDTH              ; 4          ; Signed Integer                                               ;
; LPM_DIRECTION          ; DEFAULT    ; Untyped                                                      ;
; LPM_MODULUS            ; 0          ; Untyped                                                      ;
; LPM_AVALUE             ; UNUSED     ; Untyped                                                      ;
; LPM_SVALUE             ; UNUSED     ; Untyped                                                      ;
; LPM_PORT_UPDOWN        ; PORT_USED  ; Untyped                                                      ;
; DEVICE_FAMILY          ; Cyclone II ; Untyped                                                      ;
; CARRY_CHAIN            ; MANUAL     ; Untyped                                                      ;
; CARRY_CHAIN_LENGTH     ; 48         ; CARRY_CHAIN_LENGTH                                           ;
; NOT_GATE_PUSH_BACK     ; ON         ; NOT_GATE_PUSH_BACK                                           ;
; CARRY_CNT_EN           ; SMART      ; Untyped                                                      ;
; LABWIDE_SCLR           ; ON         ; Untyped                                                      ;
; USE_NEW_VERSION        ; TRUE       ; Untyped                                                      ;
; CBXI_PARAMETER         ; cntr_q3i   ; Untyped                                                      ;
+------------------------+------------+--------------------------------------------------------------+
Note: In order to hide this table in the UI and the text report file, please set the "Show Parameter Settings in Synthesis Report" option in "Analysis and Synthesis Settings -> More Settings" to "Off".


+---------------------------------------------------------------------------------------------------+
; Parameter Settings for User Entity Instance: lpm_counter0:inst5|lpm_counter:LPM_COUNTER_component ;
+------------------------+------------+-------------------------------------------------------------+
; Parameter Name         ; Value      ; Type                                                        ;
+------------------------+------------+-------------------------------------------------------------+
; AUTO_CARRY_CHAINS      ; ON         ; AUTO_CARRY                                                  ;
; IGNORE_CARRY_BUFFERS   ; OFF        ; IGNORE_CARRY                                                ;
; AUTO_CASCADE_CHAINS    ; ON         ; AUTO_CASCADE                                                ;
; IGNORE_CASCADE_BUFFERS ; OFF        ; IGNORE_CASCADE                                              ;
; LPM_WIDTH              ; 4          ; Signed Integer                                              ;
; LPM_DIRECTION          ; DEFAULT    ; Untyped                                                     ;
; LPM_MODULUS            ; 0          ; Untyped                                                     ;
; LPM_AVALUE             ; UNUSED     ; Untyped                                                     ;
; LPM_SVALUE             ; UNUSED     ; Untyped                                                     ;
; LPM_PORT_UPDOWN        ; PORT_USED  ; Untyped                                                     ;
; DEVICE_FAMILY          ; Cyclone II ; Untyped                                                     ;
; CARRY_CHAIN            ; MANUAL     ; Untyped                                                     ;
; CARRY_CHAIN_LENGTH     ; 48         ; CARRY_CHAIN_LENGTH                                          ;
; NOT_GATE_PUSH_BACK     ; ON         ; NOT_GATE_PUSH_BACK                                          ;
; CARRY_CNT_EN           ; SMART      ; Untyped                                                     ;
; LABWIDE_SCLR           ; ON         ; Untyped                                                     ;
; USE_NEW_VERSION        ; TRUE       ; Untyped                                                     ;
; CBXI_PARAMETER         ; cntr_7si   ; Untyped                                                     ;
+------------------------+------------+-------------------------------------------------------------+
Note: In order to hide this table in the UI and the text report file, please set the "Show Parameter Settings in Synthesis Report" option in "Analysis and Synthesis Settings -> More Settings" to "Off".


+-------------------------------+
; Elapsed Time Per Partition    ;
+----------------+--------------+
; Partition Name ; Elapsed Time ;
+----------------+--------------+
; Top            ; 00:00:03     ;
+----------------+--------------+


+-------------------------------+
; Analysis & Synthesis Messages ;
+-------------------------------+
Info: *******************************************************************
Info: Running Quartus II 64-Bit Analysis & Synthesis
    Info: Version 13.0.1 Build 232 06/12/2013 Service Pack 1 SJ Web Edition
    Info: Processing started: Sun Mar 17 22:45:41 2024
Info: Command: quartus_map --read_settings_files=on --write_settings_files=off tutor3 -c tutor3
Critical Warning (138069): Setting INCREMENTAL_COMPILATION to "OFF" is no longer supported. Assignment is ignored. To disable partitions, set the IGNORE_PARTITIONS global assignment to "ON" instead.
Warning (20028): Parallel compilation is not licensed and has been disabled
Info (12021): Found 2 design units, including 1 entities, in source file lpm_counter0.vhd
    Info (12022): Found design unit 1: lpm_counter0-SYN
    Info (12023): Found entity 1: lpm_counter0
Info (12021): Found 2 design units, including 1 entities, in source file clk_div.vhd
    Info (12022): Found design unit 1: clk_div-a
    Info (12023): Found entity 1: clk_div
Info (12021): Found 2 design units, including 1 entities, in source file debounce.vhd
    Info (12022): Found design unit 1: debounce-a
    Info (12023): Found entity 1: debounce
Info (12021): Found 2 design units, including 1 entities, in source file lcd_display.vhd
    Info (12022): Found design unit 1: LCD_Display-a
    Info (12023): Found entity 1: LCD_Display
Info (12021): Found 1 design units, including 1 entities, in source file tutor3.bdf
    Info (12023): Found entity 1: tutor3
Info (12021): Found 2 design units, including 1 entities, in source file /users/ivan/desktop/proyecto/practica_tarea_3/lmp_counter1.vhd
    Info (12022): Found design unit 1: lmp_counter1-SYN
    Info (12023): Found entity 1: lmp_counter1
Info (12127): Elaborating entity "tutor3" for the top level hierarchy
Warning (12125): Using design file dec_7seg.vhd, which is not specified as a design file for the current project, but contains definitions for 2 design units and 1 entities in project
    Info (12022): Found design unit 1: dec_7seg-a
    Info (12023): Found entity 1: dec_7seg
Info (12128): Elaborating entity "DEC_7SEG" for hierarchy "DEC_7SEG:inst11"
Info (12128): Elaborating entity "lmp_counter1" for hierarchy "lmp_counter1:inst12"
Info (12128): Elaborating entity "lpm_counter" for hierarchy "lmp_counter1:inst12|lpm_counter:LPM_COUNTER_component"
Info (12130): Elaborated megafunction instantiation "lmp_counter1:inst12|lpm_counter:LPM_COUNTER_component"
Info (12133): Instantiated megafunction "lmp_counter1:inst12|lpm_counter:LPM_COUNTER_component" with the following parameter:
    Info (12134): Parameter "lpm_direction" = "UNUSED"
    Info (12134): Parameter "lpm_port_updown" = "PORT_USED"
    Info (12134): Parameter "lpm_type" = "LPM_COUNTER"
    Info (12134): Parameter "lpm_width" = "4"
Warning (287001): Assertion warning: Counter will power up to an undefined state.  An asynchronous signal should be asserted before the counter reaches a known state.
Info (12021): Found 1 design units, including 1 entities, in source file db/cntr_q3i.tdf
    Info (12023): Found entity 1: cntr_q3i
Info (12128): Elaborating entity "cntr_q3i" for hierarchy "lmp_counter1:inst12|lpm_counter:LPM_COUNTER_component|cntr_q3i:auto_generated"
Info (12128): Elaborating entity "debounce" for hierarchy "debounce:inst3"
Info (12128): Elaborating entity "clk_div" for hierarchy "clk_div:inst2"
Info (12128): Elaborating entity "lpm_counter0" for hierarchy "lpm_counter0:inst5"
Info (12128): Elaborating entity "lpm_counter" for hierarchy "lpm_counter0:inst5|lpm_counter:LPM_COUNTER_component"
Info (12130): Elaborated megafunction instantiation "lpm_counter0:inst5|lpm_counter:LPM_COUNTER_component"
Info (12133): Instantiated megafunction "lpm_counter0:inst5|lpm_counter:LPM_COUNTER_component" with the following parameter:
    Info (12134): Parameter "lpm_direction" = "UNUSED"
    Info (12134): Parameter "lpm_port_updown" = "PORT_USED"
    Info (12134): Parameter "lpm_type" = "LPM_COUNTER"
    Info (12134): Parameter "lpm_width" = "4"
Warning (287001): Assertion warning: Counter will power up to an undefined state.  An asynchronous signal should be asserted before the counter reaches a known state.
Info (12021): Found 1 design units, including 1 entities, in source file db/cntr_7si.tdf
    Info (12023): Found entity 1: cntr_7si
Info (12128): Elaborating entity "cntr_7si" for hierarchy "lpm_counter0:inst5|lpm_counter:LPM_COUNTER_component|cntr_7si:auto_generated"
Critical Warning (138069): Setting INCREMENTAL_COMPILATION to "OFF" is no longer supported. Assignment is ignored. To disable partitions, set the IGNORE_PARTITIONS global assignment to "ON" instead.
Info (16010): Generating hard_block partition "hard_block:auto_generated_inst"
    Info (16011): Adding 0 node(s), including 0 DDIO, 0 PLL, 0 transceiver and 0 LCELL
Info (21057): Implemented 141 device resources after synthesis - the final resource count might be different
    Info (21058): Implemented 13 input pins
    Info (21059): Implemented 14 output pins
    Info (21061): Implemented 114 logic cells
Info: Quartus II 64-Bit Analysis & Synthesis was successful. 0 errors, 6 warnings
    Info: Peak virtual memory: 496 megabytes
    Info: Processing ended: Sun Mar 17 22:45:57 2024
    Info: Elapsed time: 00:00:16
    Info: Total CPU time (on all processors): 00:00:14


